<?xml version="1.0" encoding="UTF-8"?>
<!-- Generated by org.testng.reporters.JUnitReportReporter -->
<testsuite hostname="Sameer-Pasha" failures="0" tests="2" name="day14.AnnotationsDemo1" time="0.055" errors="0" timestamp="2025-08-23T00:34:44 IST" skipped="0">
  <testcase classname="day14.AnnotationsDemo1" name="search" time="0.051"/>
  <testcase classname="day14.AnnotationsDemo1" name="advSearch" time="0.004"/>
</testsuite> <!-- day14.AnnotationsDemo1 -->
