<?xml version="1.0" encoding="UTF-8"?>
<!-- Generated by org.testng.reporters.JUnitReportReporter -->
<testsuite hostname="Sameer-Pasha" failures="0" tests="3" name="day13.FirstTestCase" time="0.047" errors="0" timestamp="2025-08-30T04:05:37 IST" skipped="0">
  <testcase classname="day13.FirstTestCase" name="openApp" time="0.031"/>
  <testcase classname="day13.FirstTestCase" name="login" time="0.007"/>
  <testcase classname="day13.FirstTestCase" name="logout" time="0.009"/>
</testsuite> <!-- day13.FirstTestCase -->
