<?xml version="1.0" encoding="UTF-8"?>
<!-- Generated by org.testng.reporters.JUnitReportReporter -->
<testsuite hostname="Sameer-Pasha" failures="0" tests="2" name="day14.AnnotationsDemo2" time="0.021" errors="0" timestamp="2025-08-23T00:39:46 IST" skipped="0">
  <testcase classname="day14.AnnotationsDemo2" name="search" time="0.015"/>
  <testcase classname="day14.AnnotationsDemo2" name="advSearch" time="0.006"/>
</testsuite> <!-- day14.AnnotationsDemo2 -->
