<?xml version="1.0" encoding="UTF-8"?>
<!-- Generated by org.testng.reporters.JUnitReportReporter -->
<testsuite hostname="Sameer-Pasha" failures="0" tests="1" name="day14.AssertionDemo1" time="0.024" errors="0" timestamp="2025-05-26T19:30:36 IST" skipped="0">
  <testcase classname="day14.AssertionDemo1" name="testTitle" time="0.024"/>
</testsuite> <!-- day14.AssertionDemo1 -->
