<?xml version="1.0" encoding="UTF-8"?>
<!-- Generated by org.testng.reporters.JUnitReportReporter -->
<testsuite hostname="Sameer-Pasha" failures="0" tests="3" name="day15.LognTests" time="0.032" errors="0" timestamp="2025-05-27T12:39:09 IST" skipped="0">
  <testcase classname="day15.LognTests" name="loginByEmail" time="0.022"/>
  <testcase classname="day15.LognTests" name="loginByFacebook" time="0.003"/>
  <testcase classname="day15.LognTests" name="loginByTwitter" time="0.007"/>
</testsuite> <!-- day15.LognTests -->
