<?xml version="1.0" encoding="UTF-8"?>
<!-- Generated by org.testng.reporters.JUnitReportReporter -->
<testsuite hostname="Sameer-Pasha" failures="0" tests="3" name="day15.SignUpTest" time="0.046" errors="0" timestamp="2025-05-27T12:15:43 IST" skipped="0">
  <testcase classname="day15.SignUpTest" name="signUpByEmail" time="0.026"/>
  <testcase classname="day15.SignUpTest" name="signUpByFacebook" time="0.008"/>
  <testcase classname="day15.SignUpTest" name="signUpByTwitter" time="0.012"/>
</testsuite> <!-- day15.SignUpTest -->
