<?xml version="1.0" encoding="UTF-8"?>
<!-- Generated by org.testng.reporters.JUnitReportReporter -->
<testsuite hostname="Sameer-Pasha" failures="0" tests="2" name="day15.PaymentTests" time="0.029" errors="0" timestamp="2025-05-27T12:36:02 IST" skipped="0">
  <testcase classname="day15.PaymentTests" name="paymentInRupees" time="0.006"/>
  <testcase classname="day15.PaymentTests" name="paymentInDollars" time="0.023"/>
</testsuite> <!-- day15.PaymentTests -->
