<?xml version="1.0" encoding="UTF-8"?>
<!-- Generated by org.testng.reporters.JUnitReportReporter -->
<testsuite hostname="Sameer-Pasha" failures="0" tests="1" name="day14.pack.C3" time="0.004" errors="0" timestamp="2025-08-23T00:45:31 IST" skipped="0">
  <testcase classname="day14.pack.C3" name="def" time="0.004"/>
</testsuite> <!-- day14.pack.C3 -->
