<?xml version="1.0" encoding="UTF-8"?>
<!-- Generated by org.testng.reporters.JUnitReportReporter -->
<testsuite hostname="Sameer-Pasha" failures="0" tests="4" name="day13.OrangeHrmTest" time="34.331" errors="0" timestamp="2025-08-30T04:12:08 IST" skipped="0">
  <testcase classname="day13.OrangeHrmTest" name="openApp" time="28.427"/>
  <testcase classname="day13.OrangeHrmTest" name="testLogo" time="3.821"/>
  <testcase classname="day13.OrangeHrmTest" name="testLogin" time="1.361"/>
  <testcase classname="day13.OrangeHrmTest" name="closeApp" time="0.722"/>
</testsuite> <!-- day13.OrangeHrmTest -->
