<?xml version="1.0" encoding="UTF-8"?>
<!-- Generated by org.testng.reporters.JUnitReportReporter -->
<testsuite hostname="Sameer-Pasha" failures="0" tests="1" name="day18.LoginTest" time="9.557" errors="0" timestamp="2025-06-03T16:52:06 IST" skipped="0">
  <testcase classname="day18.LoginTest" name="testLogin" time="9.557"/>
</testsuite> <!-- day18.LoginTest -->
